<?xml version="1.0" encoding="UTF-8"?>
<!-- Generated by org.testng.reporters.JUnitReportReporter -->
<testsuite hostname="DESKTOP-R3P24O8" failures="0" tests="1" name="com.juaracoding.pageobject.TestAlert" time="3.788" errors="0" timestamp="2022-08-16T21:39:40 WIB" skipped="0">
  <testcase classname="com.juaracoding.pageobject.TestAlert" name="testAlertTwo" time="3.788"/>
  <system-out/>
</testsuite> <!-- com.juaracoding.pageobject.TestAlert -->
