<?xml version="1.0" encoding="UTF-8"?>
<!-- Generated by org.testng.reporters.JUnitReportReporter -->
<testsuite hostname="DESKTOP-R3P24O8" failures="0" tests="1" name="com.juaracoding.pageobject.TestRandomPokemon" time="0.260" errors="0" timestamp="2022-08-15T21:23:17 WIB" skipped="0">
  <testcase classname="com.juaracoding.pageobject.TestRandomPokemon" name="testGeneratePokemon" time="0.260"/>
  <system-out/>
</testsuite> <!-- com.juaracoding.pageobject.TestRandomPokemon -->
