<?xml version="1.0" encoding="UTF-8"?>
<!-- Generated by org.testng.reporters.JUnitReportReporter -->
<testsuite hostname="DESKTOP-R3P24O8" failures="0" tests="1" name="com.juaracoding.pageobject.TestForm" time="0.682" errors="0" timestamp="2022-08-19T19:04:16 WIB" skipped="0">
  <testcase classname="com.juaracoding.pageobject.TestForm" name="testForm" time="0.682"/>
  <system-out/>
</testsuite> <!-- com.juaracoding.pageobject.TestForm -->
