<?xml version="1.0" encoding="UTF-8"?>
<!-- Generated by org.testng.reporters.JUnitReportReporter -->
<testsuite hostname="DESKTOP-R3P24O8" failures="0" tests="1" name="com.juaracoding.pageobject.TestFrame" time="0.177" errors="0" timestamp="2022-08-19T23:02:42 WIB" skipped="0">
  <testcase classname="com.juaracoding.pageobject.TestFrame" name="testFrame" time="0.177"/>
  <system-out/>
</testsuite> <!-- com.juaracoding.pageobject.TestFrame -->
